{
  "meta": {
    "version": "7.4.0",
    "timestamp": "2024-01-15T10:30:00"
  },
  "files": {
    "src/math.py": {
      "executed_lines": [1, 2, 4],
      "missing_lines": [3, 5],
      "summary": {
        "covered_lines": 3,
        "num_statements": 5,
        "covered_branches": 1,
        "num_branches": 2,
        "percent_covered": 60.0
      }
    },
    "src/string_utils.py": {
      "executed_lines": [1, 2, 3],
      "missing_lines": [],
      "summary": {
        "covered_lines": 3,
        "num_statements": 3,
        "covered_branches": 0,
        "num_branches": 0,
        "percent_covered": 100.0
      }
    }
  },
  "totals": {
    "covered_lines": 6,
    "num_statements": 8,
    "covered_branches": 1,
    "num_branches": 2,
    "percent_covered": 75.0
  }
}
